<?xml version="1.0" encoding="UTF-8"?>
<testng-results ignored="0" total="3" passed="3" failed="0" skipped="0">
  <reporter-output>
  </reporter-output>
  <suite started-at="2023-12-19T19:28:25 IST" name="Default suite" finished-at="2023-12-19T19:28:57 IST" duration-ms="31671">
    <groups>
    </groups>
    <test started-at="2023-12-19T19:28:25 IST" name="Default test" finished-at="2023-12-19T19:28:57 IST" duration-ms="31671">
      <class name="com.sgtesting.tests.testcases.ActionClassDemo">
        <test-method signature="launchBrowser()[pri:1, instance:com.sgtesting.tests.testcases.ActionClassDemo@649bec2e]" started-at="2023-12-19T19:28:25 IST" name="launchBrowser" finished-at="2023-12-19T19:28:27 IST" duration-ms="2083" status="PASS">
          <reporter-output>
          </reporter-output>
        </test-method> <!-- launchBrowser -->
        <test-method signature="navigate()[pri:2, instance:com.sgtesting.tests.testcases.ActionClassDemo@649bec2e]" started-at="2023-12-19T19:28:27 IST" name="navigate" finished-at="2023-12-19T19:28:39 IST" duration-ms="11663" status="PASS">
          <reporter-output>
          </reporter-output>
        </test-method> <!-- navigate -->
        <test-method signature="mouseActions()[pri:3, instance:com.sgtesting.tests.testcases.ActionClassDemo@649bec2e]" started-at="2023-12-19T19:28:39 IST" name="mouseActions" finished-at="2023-12-19T19:28:57 IST" duration-ms="17877" status="PASS">
          <reporter-output>
          </reporter-output>
        </test-method> <!-- mouseActions -->
      </class> <!-- com.sgtesting.tests.testcases.ActionClassDemo -->
    </test> <!-- Default test -->
  </suite> <!-- Default suite -->
</testng-results>
