<?xml version="1.0" encoding="UTF-8"?>
<!-- Generated by org.testng.reporters.JUnitXMLReporter -->
<testsuite ignored="0" hostname="DESKTOP-68BCR7S" failures="0" tests="4" name="unit Testcases" time="0.056" errors="0" timestamp="2023-12-19T17:25:22 IST">
  <testcase classname="com.sgtesting.tests.testcases.UnitTestcasesDemo" name="testcase1" time="0.008"/>
  <testcase classname="com.sgtesting.tests.testcases.UnitTestcasesDemo" name="testcase2" time="0.002"/>
  <testcase classname="com.sgtesting.tests.testcases.UnitTestcasesDemo" name="testcase3" time="0.003"/>
  <testcase classname="com.sgtesting.tests.testcases.UnitTestcasesDemo" name="testcase4" time="0.002"/>
</testsuite> <!-- unit Testcases -->
