<?xml version="1.0" encoding="UTF-8"?>
<!-- Generated by org.testng.reporters.JUnitXMLReporter -->
<testsuite ignored="0" hostname="DESKTOP-68BCR7S" failures="0" tests="6" name="Scenarios" time="16.525" errors="0" timestamp="2023-12-09T17:45:20 IST">
  <testcase classname="com.sgtesting.tests.LoginLogoutScenario" name="launchBrowser" time="1.901"/>
  <testcase classname="com.sgtesting.tests.LoginLogoutScenario" name="navigate" time="4.746"/>
  <testcase classname="com.sgtesting.tests.LoginLogoutScenario" name="login" time="5.279"/>
  <testcase classname="com.sgtesting.tests.LoginLogoutScenario" name="minimizeFlyOutWindow" time="2.144"/>
  <testcase classname="com.sgtesting.tests.LoginLogoutScenario" name="logout" time="2.207"/>
  <testcase classname="com.sgtesting.tests.LoginLogoutScenario" name="closeApplication" time="0.187"/>
</testsuite> <!-- Scenarios -->
