<?xml version="1.0" encoding="UTF-8"?>
<!-- Generated by org.testng.reporters.JUnitXMLReporter -->
<testsuite ignored="0" hostname="DESKTOP-68BCR7S" failures="0" tests="3" name="Default test" time="31.671" errors="0" timestamp="2023-12-19T19:28:57 IST">
  <testcase classname="com.sgtesting.tests.testcases.ActionClassDemo" name="launchBrowser" time="2.083"/>
  <testcase classname="com.sgtesting.tests.testcases.ActionClassDemo" name="navigate" time="11.663"/>
  <testcase classname="com.sgtesting.tests.testcases.ActionClassDemo" name="mouseActions" time="17.877"/>
</testsuite> <!-- Default test -->
