<?xml version="1.0" encoding="UTF-8"?>
<!-- Generated by org.testng.reporters.JUnitXMLReporter -->
<testsuite ignored="0" hostname="DESKTOP-68BCR7S" failures="0" tests="6" name="Default test" time="16.073" errors="0" timestamp="2023-12-09T17:43:27 IST">
  <testcase classname="com.sgtesting.tests.LoginLogoutScenario" name="launchBrowser" time="1.875"/>
  <testcase classname="com.sgtesting.tests.LoginLogoutScenario" name="navigate" time="4.218"/>
  <testcase classname="com.sgtesting.tests.LoginLogoutScenario" name="login" time="5.263"/>
  <testcase classname="com.sgtesting.tests.LoginLogoutScenario" name="minimizeFlyOutWindow" time="2.141"/>
  <testcase classname="com.sgtesting.tests.LoginLogoutScenario" name="logout" time="2.201"/>
  <testcase classname="com.sgtesting.tests.LoginLogoutScenario" name="closeApplication" time="0.323"/>
</testsuite> <!-- Default test -->
