<?xml version="1.0" encoding="UTF-8"?>
<testng-results ignored="0" total="6" passed="6" failed="0" skipped="0">
  <reporter-output>
  </reporter-output>
  <suite started-at="2023-12-09T17:45:03 IST" name="ActiTime Scenarios" finished-at="2023-12-09T17:45:20 IST" duration-ms="16525">
    <groups>
    </groups>
    <test started-at="2023-12-09T17:45:03 IST" name="Scenarios" finished-at="2023-12-09T17:45:20 IST" duration-ms="16525">
      <class name="com.sgtesting.tests.LoginLogoutScenario">
        <test-method signature="launchBrowser()[pri:1, instance:com.sgtesting.tests.LoginLogoutScenario@10163d6]" started-at="2023-12-09T17:45:03 IST" name="launchBrowser" finished-at="2023-12-09T17:45:05 IST" duration-ms="1901" status="PASS">
          <reporter-output>
          </reporter-output>
        </test-method> <!-- launchBrowser -->
        <test-method signature="navigate(java.lang.String)[pri:2, instance:com.sgtesting.tests.LoginLogoutScenario@10163d6]" started-at="2023-12-09T17:45:05 IST" name="navigate" data-provider="navigateURL" finished-at="2023-12-09T17:45:10 IST" duration-ms="4746" status="PASS">
          <params>
            <param index="0">
              <value>
                <![CDATA[http://localhost/login.do]]>
              </value>
            </param>
          </params>
          <reporter-output>
          </reporter-output>
        </test-method> <!-- navigate -->
        <test-method signature="login(java.lang.String,java.lang.String)[pri:3, instance:com.sgtesting.tests.LoginLogoutScenario@10163d6]" started-at="2023-12-09T17:45:10 IST" name="login" data-provider="loginData" finished-at="2023-12-09T17:45:15 IST" duration-ms="5279" status="PASS">
          <params>
            <param index="0">
              <value>
                <![CDATA[admin]]>
              </value>
            </param>
            <param index="1">
              <value>
                <![CDATA[manager]]>
              </value>
            </param>
          </params>
          <reporter-output>
          </reporter-output>
        </test-method> <!-- login -->
        <test-method signature="minimizeFlyOutWindow()[pri:4, instance:com.sgtesting.tests.LoginLogoutScenario@10163d6]" started-at="2023-12-09T17:45:15 IST" name="minimizeFlyOutWindow" finished-at="2023-12-09T17:45:17 IST" duration-ms="2144" status="PASS">
          <reporter-output>
          </reporter-output>
        </test-method> <!-- minimizeFlyOutWindow -->
        <test-method signature="logout()[pri:5, instance:com.sgtesting.tests.LoginLogoutScenario@10163d6]" started-at="2023-12-09T17:45:17 IST" name="logout" finished-at="2023-12-09T17:45:20 IST" duration-ms="2207" status="PASS">
          <reporter-output>
          </reporter-output>
        </test-method> <!-- logout -->
        <test-method signature="closeApplication()[pri:6, instance:com.sgtesting.tests.LoginLogoutScenario@10163d6]" started-at="2023-12-09T17:45:20 IST" name="closeApplication" finished-at="2023-12-09T17:45:20 IST" duration-ms="187" status="PASS">
          <reporter-output>
          </reporter-output>
        </test-method> <!-- closeApplication -->
      </class> <!-- com.sgtesting.tests.LoginLogoutScenario -->
    </test> <!-- Scenarios -->
  </suite> <!-- ActiTime Scenarios -->
</testng-results>
