<?xml version="1.0" encoding="UTF-8"?>
<!-- Generated by org.testng.reporters.JUnitXMLReporter -->
<testsuite ignored="3" hostname="DESKTOP-68BCR7S" failures="0" tests="3" name="testcases for users and products" time="0.053" errors="0" timestamp="2023-12-07T17:58:11 IST">
  <testcase classname="com.sgtesting.users.Users" name="createUser" time="0.005"/>
  <testcase classname="com.sgtesting.products.Products" name="createProduct" time="0.001"/>
  <testcase classname="com.sgtesting.products.Products" name="deleteProduct" time="0.001"/>
  <testcase classname="com.sgtesting.users.Users" name="modifyUser" time="0.0">
    <ignored/>
  </testcase> <!-- modifyUser -->
  <testcase classname="com.sgtesting.products.Products" name="modifyProduct" time="0.0">
    <ignored/>
  </testcase> <!-- modifyProduct -->
  <testcase classname="com.sgtesting.users.Users" name="deleteUser" time="0.0">
    <ignored/>
  </testcase> <!-- deleteUser -->
</testsuite> <!-- testcases for users and products -->
