<?xml version="1.0" encoding="UTF-8"?>
<!-- Generated by org.testng.reporters.JUnitXMLReporter -->
<testsuite ignored="0" hostname="DESKTOP-68BCR7S" failures="0" tests="3" name="Users and Products" time="0.061" errors="0" timestamp="2023-12-07T17:43:32 IST">
  <testcase classname="com.sgtesting.parameters.Users" name="createUser" time="0.005"/>
  <testcase classname="com.sgtesting.parameters.Users" name="deleteUser" time="0.003"/>
  <testcase classname="com.sgtesting.parameters.Users" name="modifyUser" time="0.002"/>
</testsuite> <!-- Users and Products -->
